{"logTime": "0603/184951", "correlationVector":"T43ash4o8kc24u/GtckwoH.1","action":"SyncServerConnectionManagerRequest", "result":"SYNC_SERVER_OK", "context":{"environment":"Prod_southindia_prod-s01-004-apac-southindia", "migrationStage":"NotStarted", "server":"akswtt01300001z"}}
{"logTime": "0603/184951", "correlationVector":"T43ash4o8kc24u/GtckwoH.2","action":"ProcessGetUpdates", "result":"Done", "context":{"dataType":"Encryption Keys", "deleted":"0", "process_failed_to_decrypt":"0", "process_pending_decryption":"0", "process_success":"1", "total":"1"}}
{"logTime": "0603/184952", "correlationVector":"btsMAHS6KfTBuigfh2peob","action":"SyncServerConnectionManagerRequest", "result":"SYNC_SERVER_OK", "context":{"environment":"", "migrationStage":"", "server":""}}
{"logTime": "0603/184952", "correlationVector":"btsMAHS6KfTBuigfh2peob.0","action":"EncryptionKeysFetcher.DownloadKeys:", "result":"Success", "context":Key count: 2, Last key timestamp: 2024-12-25T15:57:09Z}
{"logTime": "0603/184952", "correlationVector":"btsMAHS6KfTBuigfh2peob.1","action":"EncryptionKeysManager::SetEncryptionKeys:", "result":"Success", "context":Key names[2]:[otcWmLYq0L1FGGiv9hN4KBqxzFkuqPBzYWTdmOVw3WnsYeK5en2Lee3RczSkkvGBrEkuDIHgDpYg1iw42EfZKA==][qoED4AuKS+LEJqwJ3jm+nhn5sErk3mnZ/qxOsoc2pbFIURLodYRuNQBvRAOsskdRuM1yPx/t2Ay+QeZrlOLtfw==]}
{"logTime": "0603/184952", "correlationVector":"btsMAHS6KfTBuigfh2peob.2","action":"EncryptionKeysManager::SetEncryptionKeysWithTimestamps:", "result":"Success", "context":Key timestamps[2]:[2024-06-26T07:44:00Z][2024-12-25T15:57:09Z]}
{"logTime": "0603/184952", "correlationVector":"T43ash4o8kc24u/GtckwoH","action":"Initial GetUpdates", "result":"", "context":Reason: NEW_CLIENT. cV=T43ash4o8kc24u/GtckwoH}
{"logTime": "0603/184952", "correlationVector":"T43ash4o8kc24u/GtckwoH.3","action":"GetUpdates Response", "result":"Success", "context":Received 1 update(s). cV=T43ash4o8kc24u/GtckwoH.0;server=akswtt01300001z;cloudType=Consumer;environment=Prod_southindia_prod-s01-004-apac-southindia;migrationStage=NotStarted}
{"logTime": "0603/184952", "correlationVector":"z3U/hzmNascDbCP623dAd0","action":"Initial GetUpdates", "result":"", "context":Reason: NEWLY_SUPPORTED_DATATYPE. cV=z3U/hzmNascDbCP623dAd0}
{"logTime": "0603/184952", "correlationVector":"z3U/hzmNascDbCP623dAd0.1","action":"SyncServerConnectionManagerRequest", "result":"SYNC_SERVER_OK", "context":{"environment":"Prod_southindia_prod-s01-004-apac-southindia", "migrationStage":"NotStarted", "server":"akswtt01300002n"}}
{"logTime": "0603/184953", "correlationVector":"z3U/hzmNascDbCP623dAd0.2","action":"ProcessGetUpdates", "result":"Done", "context":{"dataType":"Preferences", "deleted":"0", "process_failed_to_decrypt":"0", "process_pending_decryption":"0", "process_success":"57", "total":"57"}}
{"logTime": "0603/184953", "correlationVector":"z3U/hzmNascDbCP623dAd0.3","action":"ProcessGetUpdates", "result":"Done", "context":{"dataType":"Passwords", "deleted":"0", "process_failed_to_decrypt":"0", "process_pending_decryption":"0", "process_success":"6", "total":"6"}}
{"logTime": "0603/184953", "correlationVector":"z3U/hzmNascDbCP623dAd0.4","action":"ProcessGetUpdates", "result":"Done", "context":{"dataType":"Device Info", "deleted":"0", "process_failed_to_decrypt":"0", "process_pending_decryption":"0", "process_success":"8", "total":"8"}}
{"logTime": "0603/184953", "correlationVector":"z3U/hzmNascDbCP623dAd0.5","action":"GetUpdates Response", "result":"Success", "context":Received 71 update(s). cV=z3U/hzmNascDbCP623dAd0.0;server=akswtt01300002n;cloudType=Consumer;environment=Prod_southindia_prod-s01-004-apac-southindia;migrationStage=NotStarted}
{"logTime": "0603/184953", "correlationVector":"JqKWPyUE30WCdJ0jm9KmBr","action":"Initial GetUpdates", "result":"", "context":Reason: NEWLY_SUPPORTED_DATATYPE. cV=JqKWPyUE30WCdJ0jm9KmBr}
{"logTime": "0603/184953", "correlationVector":"JqKWPyUE30WCdJ0jm9KmBr.1","action":"SyncServerConnectionManagerRequest", "result":"SYNC_SERVER_OK", "context":{"environment":"Prod_southindia_prod-s01-004-apac-southindia", "migrationStage":"NotStarted", "server":"akswtt013000038"}}
{"logTime": "0603/184953", "correlationVector":"JqKWPyUE30WCdJ0jm9KmBr.2","action":"ProcessGetUpdates", "result":"Done", "context":{"dataType":"Bookmarks", "deleted":"0", "process_failed_to_decrypt":"0", "process_pending_decryption":"0", "process_success":"5", "total":"5"}}
{"logTime": "0603/184953", "correlationVector":"JqKWPyUE30WCdJ0jm9KmBr.3","action":"GetUpdates Response", "result":"Success", "context":Received 5 update(s). cV=JqKWPyUE30WCdJ0jm9KmBr.0;server=akswtt013000038;cloudType=Consumer;environment=Prod_southindia_prod-s01-004-apac-southindia;migrationStage=NotStarted}
{"logTime": "0603/184954", "correlationVector":"chnHC7FRa6IrcWtGAZd5oN","action":"Initial GetUpdates", "result":"", "context":Reason: NEWLY_SUPPORTED_DATATYPE. cV=chnHC7FRa6IrcWtGAZd5oN}
{"logTime": "0603/184954", "correlationVector":"chnHC7FRa6IrcWtGAZd5oN.1","action":"SyncServerConnectionManagerRequest", "result":"SYNC_SERVER_OK", "context":{"environment":"Prod_southindia_prod-s01-004-apac-southindia", "migrationStage":"NotStarted", "server":"akswtt013000007"}}
{"logTime": "0603/184954", "correlationVector":"chnHC7FRa6IrcWtGAZd5oN.2","action":"ProcessGetUpdates", "result":"Done", "context":{"dataType":"Autofill Profiles", "deleted":"2", "process_failed_to_decrypt":"0", "process_pending_decryption":"0", "process_success":"3", "total":"3"}}
{"logTime": "0603/184954", "correlationVector":"chnHC7FRa6IrcWtGAZd5oN.3","action":"ProcessGetUpdates", "result":"Done", "context":{"dataType":"Autofill", "deleted":"0", "process_failed_to_decrypt":"0", "process_pending_decryption":"0", "process_success":"21", "total":"21"}}
{"logTime": "0603/184954", "correlationVector":"chnHC7FRa6IrcWtGAZd5oN.4","action":"ProcessGetUpdates", "result":"Done", "context":{"dataType":"Sessions", "deleted":"5", "process_failed_to_decrypt":"0", "process_pending_decryption":"0", "process_success":"21", "total":"21"}}
{"logTime": "0603/184954", "correlationVector":"chnHC7FRa6IrcWtGAZd5oN.5","action":"ProcessGetUpdates", "result":"Done", "context":{"dataType":"Edge Hub App Usage", "deleted":"1", "process_failed_to_decrypt":"0", "process_pending_decryption":"0", "process_success":"8", "total":"8"}}
{"logTime": "0603/184954", "correlationVector":"chnHC7FRa6IrcWtGAZd5oN.6","action":"GetUpdates Response", "result":"Success", "context":Received 53 update(s). cV=chnHC7FRa6IrcWtGAZd5oN.0;server=akswtt013000007;cloudType=Consumer;environment=Prod_southindia_prod-s01-004-apac-southindia;migrationStage=NotStarted}
{"logTime": "0603/184954", "correlationVector":"gJLWL/yFSCrBu2o0hhAxUg","action":"Initial GetUpdates", "result":"", "context":Reason: NEWLY_SUPPORTED_DATATYPE. cV=gJLWL/yFSCrBu2o0hhAxUg}
{"logTime": "0603/184954", "correlationVector":"gJLWL/yFSCrBu2o0hhAxUg.1","action":"SyncServerConnectionManagerRequest", "result":"SYNC_SERVER_OK", "context":{"environment":"Prod_southindia_prod-s01-004-apac-southindia", "migrationStage":"NotStarted", "server":"akswtt01300002n"}}
{"logTime": "0603/184954", "correlationVector":"gJLWL/yFSCrBu2o0hhAxUg.2","action":"ProcessGetUpdates", "result":"Done", "context":{"dataType":"History", "deleted":"0", "process_failed_to_decrypt":"0", "process_pending_decryption":"0", "process_success":"41", "total":"41"}}
{"logTime": "0603/184954", "correlationVector":"gJLWL/yFSCrBu2o0hhAxUg.3","action":"GetUpdates Response", "result":"Success", "context":Received 41 update(s). cV=gJLWL/yFSCrBu2o0hhAxUg.0;server=akswtt01300002n;cloudType=Consumer;environment=Prod_southindia_prod-s01-004-apac-southindia;migrationStage=NotStarted}
{"logTime": "0603/184955", "correlationVector":"HNk1fBIsGuZKVsa3S8mUuw","action":"Normal GetUpdate request", "result":"", "context":cV=HNk1fBIsGuZKVsa3S8mUuw
Nudged types: Sessions, Device Info, User Consents
Refresh requested types: Bookmarks, Preferences, Passwords, Autofill Profiles, Autofill, Extensions, Sessions, Extension settings, History Delete Directives, Device Info, User Consents, Send Tab To Self, Web Apps, History, Saved Tab Group, Collection, Edge E Drop, Edge Hub App Usage, Edge Tab Group, Edge Wallet, Encryption Keys}
{"logTime": "0603/184955", "correlationVector":"HNk1fBIsGuZKVsa3S8mUuw.1","action":"SyncServerConnectionManagerRequest", "result":"SYNC_SERVER_OK", "context":{"environment":"Prod_southindia_prod-s01-004-apac-southindia", "migrationStage":"NotStarted", "server":"akswtt01300002r"}}
{"logTime": "0603/184955", "correlationVector":"HNk1fBIsGuZKVsa3S8mUuw.2","action":"GetUpdates Response", "result":"Success", "context":Received 0 update(s). cV=HNk1fBIsGuZKVsa3S8mUuw.0;server=akswtt01300002r;cloudType=Consumer;environment=Prod_southindia_prod-s01-004-apac-southindia;migrationStage=NotStarted}
{"logTime": "0603/184955", "correlationVector":"4ENqvPMDKM8Y+h8wQvwHdi","action":"DoCompareDataConsistency requsted types: ", "result":"Bookmarks, Preferences, Passwords, Extensions, Extension settings, History Delete Directives, Send Tab To Self, Web Apps, History, Saved Tab Group, Collection, Edge E Drop, Edge Tab Group, Edge Wallet, Encryption Keys"}
{"logTime": "0603/184955", "correlationVector":"4ENqvPMDKM8Y+h8wQvwHdi.0","action":"CompareDataConsistency result: ", "result":"Compare result: Encryption Keys is consistent. local entities count is: 1 local entities hash is: 7EofAiVsfkKBFeSLJZgWvJ0UG6s="}
{"logTime": "0603/184955", "correlationVector":"4ENqvPMDKM8Y+h8wQvwHdi.1","action":"CompareDataConsistency result: ", "result":"Compare result: Bookmarks is consistent. local entities count is: 0 local entities hash is: "}
{"logTime": "0603/184955", "correlationVector":"4ENqvPMDKM8Y+h8wQvwHdi.2","action":"CompareDataConsistency result: ", "result":"Compare result: Preferences is consistent. local entities count is: 57 local entities hash is: F1sWltT7ZTt7LGvBW6Sme9qfnGI="}
{"logTime": "0603/184955", "correlationVector":"4ENqvPMDKM8Y+h8wQvwHdi.3","action":"CompareDataConsistency result: ", "result":"Compare result: Extensions is consistent. local entities count is: 0 local entities hash is: "}
{"logTime": "0603/184955", "correlationVector":"4ENqvPMDKM8Y+h8wQvwHdi.4","action":"CompareDataConsistency result: ", "result":"Compare result: Extension settings is consistent. local entities count is: 0 local entities hash is: "}
{"logTime": "0603/184955", "correlationVector":"4ENqvPMDKM8Y+h8wQvwHdi.5","action":"CompareDataConsistency result: ", "result":"Compare result: History Delete Directives is consistent. local entities count is: 0 local entities hash is: "}
{"logTime": "0603/184955", "correlationVector":"4ENqvPMDKM8Y+h8wQvwHdi.6","action":"CompareDataConsistency result: ", "result":"Server did not send this Send Tab To Self local entities count is: 0 local entities hash is: "}
{"logTime": "0603/184955", "correlationVector":"4ENqvPMDKM8Y+h8wQvwHdi.7","action":"CompareDataConsistency result: ", "result":"Compare result: Web Apps is consistent. local entities count is: 0 local entities hash is: "}
{"logTime": "0603/184955", "correlationVector":"4ENqvPMDKM8Y+h8wQvwHdi.8","action":"CompareDataConsistency result: ", "result":"Server did not send this History local entities count is: 0 local entities hash is: "}
{"logTime": "0603/184955", "correlationVector":"4ENqvPMDKM8Y+h8wQvwHdi.9","action":"CompareDataConsistency result: ", "result":"Compare result: Saved Tab Group is consistent. local entities count is: 0 local entities hash is: "}
{"logTime": "0603/184955", "correlationVector":"4ENqvPMDKM8Y+h8wQvwHdi.10","action":"CompareDataConsistency result: ", "result":"Compare result: Collection is consistent. local entities count is: 0 local entities hash is: "}
{"logTime": "0603/184955", "correlationVector":"4ENqvPMDKM8Y+h8wQvwHdi.11","action":"CompareDataConsistency result: ", "result":"Compare result: Edge E Drop is consistent. local entities count is: 0 local entities hash is: "}
{"logTime": "0603/184955", "correlationVector":"4ENqvPMDKM8Y+h8wQvwHdi.12","action":"CompareDataConsistency result: ", "result":"Compare result: Edge Tab Group is consistent. local entities count is: 0 local entities hash is: "}
{"logTime": "0603/184955", "correlationVector":"4ENqvPMDKM8Y+h8wQvwHdi.13","action":"CompareDataConsistency result: ", "result":"Compare result: Edge Wallet is consistent. local entities count is: 0 local entities hash is: "}
{"logTime": "0603/184955", "correlationVector":"4ENqvPMDKM8Y+h8wQvwHdi.14","action":"CompareDataConsistency result: ", "result":"Compare result: Passwords is consistent. local entities count is: 6 local entities hash is: nL/jtZLQZ79JSxRF8P2X4DkxynU="}
{"logTime": "0603/184955", "correlationVector":"G3PM/pHLwaXJy7vZWVvNmU","action":"Commit Request", "result":"", "context":Item count: 5
Contributing types: Sessions, Device Info, User Consents}
{"logTime": "0603/184956", "correlationVector":"G3PM/pHLwaXJy7vZWVvNmU.1","action":"SyncServerConnectionManagerRequest", "result":"SYNC_SERVER_OK", "context":{"environment":"Prod_southindia_prod-s01-004-apac-southindia", "migrationStage":"NotStarted", "server":"akswtt013000024"}}
{"logTime": "0603/184956", "correlationVector":"G3PM/pHLwaXJy7vZWVvNmU.2","action":"Commit Response", "result":"Success", "context":Result: Success. cV=G3PM/pHLwaXJy7vZWVvNmU.0;server=akswtt013000024;cloudType=Consumer;environment=Prod_southindia_prod-s01-004-apac-southindia;migrationStage=NotStarted}
{"logTime": "0603/184956", "correlationVector":"","action":"DIAGNOSTIC_REQUEST|v1/diagnosticData/Diagnostic.SendCheckResult()|SUCCESS", "result":""}
{"logTime": "0603/184957", "correlationVector":"aZL1QKAuSSkvxiiwSgfxWa","action":"Commit Request", "result":"", "context":Item count: 4
Contributing types: Preferences, Passwords}
{"logTime": "0603/184958", "correlationVector":"aZL1QKAuSSkvxiiwSgfxWa.1","action":"SyncServerConnectionManagerRequest", "result":"SYNC_SERVER_OK", "context":{"environment":"Prod_southindia_prod-s01-004-apac-southindia", "migrationStage":"NotStarted", "server":"akswtt013000024"}}
{"logTime": "0603/184958", "correlationVector":"aZL1QKAuSSkvxiiwSgfxWa.2","action":"Commit Response", "result":"Success", "context":Result: Success. cV=aZL1QKAuSSkvxiiwSgfxWa.0;server=akswtt013000024;cloudType=Consumer;environment=Prod_southindia_prod-s01-004-apac-southindia;migrationStage=NotStarted}
{"logTime": "0603/185006", "correlationVector":"lGMjFvgTTR59pDBMDSljbF","action":"Commit Request", "result":"", "context":Item count: 3
Contributing types: Sessions, History, Edge Hub App Usage}
{"logTime": "0603/185007", "correlationVector":"lGMjFvgTTR59pDBMDSljbF.1","action":"SyncServerConnectionManagerRequest", "result":"SYNC_SERVER_OK", "context":{"environment":"Prod_southindia_prod-s01-004-apac-southindia", "migrationStage":"NotStarted", "server":"akswtt01300002a"}}
{"logTime": "0603/185007", "correlationVector":"lGMjFvgTTR59pDBMDSljbF.2","action":"Commit Response", "result":"Success", "context":Result: Success. cV=lGMjFvgTTR59pDBMDSljbF.0;server=akswtt01300002a;cloudType=Consumer;environment=Prod_southindia_prod-s01-004-apac-southindia;migrationStage=NotStarted}
{"logTime": "0603/185537", "correlationVector":"f1p6oJEUzv45l/b6PGyv04","action":"Commit Request", "result":"", "context":Item count: 1
Contributing types: Sessions}
{"logTime": "0603/185538", "correlationVector":"f1p6oJEUzv45l/b6PGyv04.1","action":"SyncServerConnectionManagerRequest", "result":"SYNC_SERVER_OK", "context":{"environment":"Prod_southindia_prod-s01-004-apac-southindia", "migrationStage":"NotStarted", "server":"akswtt01300001w"}}
{"logTime": "0603/185538", "correlationVector":"f1p6oJEUzv45l/b6PGyv04.2","action":"Commit Response", "result":"Success", "context":Result: Success. cV=f1p6oJEUzv45l/b6PGyv04.0;server=akswtt01300001w;cloudType=Consumer;environment=Prod_southindia_prod-s01-004-apac-southindia;migrationStage=NotStarted}
{"logTime": "0603/185740", "correlationVector":"RaAXemu8QAUzK03k5us35x","action":"Commit Request", "result":"", "context":Item count: 1
Contributing types: Sessions}
{"logTime": "0603/185740", "correlationVector":"RaAXemu8QAUzK03k5us35x.1","action":"SyncServerConnectionManagerRequest", "result":"SYNC_SERVER_OK", "context":{"environment":"Prod_southindia_prod-s01-004-apac-southindia", "migrationStage":"NotStarted", "server":"akswtt013000036"}}
{"logTime": "0603/185740", "correlationVector":"RaAXemu8QAUzK03k5us35x.2","action":"Commit Response", "result":"Success", "context":Result: Success. cV=RaAXemu8QAUzK03k5us35x.0;server=akswtt013000036;cloudType=Consumer;environment=Prod_southindia_prod-s01-004-apac-southindia;migrationStage=NotStarted}
{"logTime": "0603/185933", "correlationVector":"si4BpySJCpu+9peM630B72","action":"Commit Request", "result":"", "context":Item count: 4
Contributing types: Sessions, History}
{"logTime": "0603/185934", "correlationVector":"si4BpySJCpu+9peM630B72.1","action":"SyncServerConnectionManagerRequest", "result":"SYNC_SERVER_OK", "context":{"environment":"Prod_southindia_prod-s01-004-apac-southindia", "migrationStage":"NotStarted", "server":"akswtt01300001l"}}
{"logTime": "0603/185934", "correlationVector":"si4BpySJCpu+9peM630B72.2","action":"Commit Response", "result":"Success", "context":Result: Success. cV=si4BpySJCpu+9peM630B72.0;server=akswtt01300001l;cloudType=Consumer;environment=Prod_southindia_prod-s01-004-apac-southindia;migrationStage=NotStarted}
{"logTime": "0603/190239", "correlationVector":"2k4aZQtpyvYKPbSl6KJZ0n","action":"Commit Request", "result":"", "context":Item count: 3
Contributing types: Sessions, History}
{"logTime": "0603/190239", "correlationVector":"2k4aZQtpyvYKPbSl6KJZ0n.1","action":"SyncServerConnectionManagerRequest", "result":"SYNC_SERVER_OK", "context":{"environment":"Prod_southindia_prod-s01-004-apac-southindia", "migrationStage":"NotStarted", "server":"akswtt01300004c"}}
{"logTime": "0603/190239", "correlationVector":"2k4aZQtpyvYKPbSl6KJZ0n.2","action":"Commit Response", "result":"Success", "context":Result: Success. cV=2k4aZQtpyvYKPbSl6KJZ0n.0;server=akswtt01300004c;cloudType=Consumer;environment=Prod_southindia_prod-s01-004-apac-southindia;migrationStage=NotStarted}
{"logTime": "0604/103323", "correlationVector":"jGSPdcJtCmaIDRqjzd2Iiy.1","action":"SyncServerConnectionManagerRequest", "result":"SYNC_SERVER_OK", "context":{"environment":"Prod_southindia_prod-s01-004-apac-southindia", "migrationStage":"NotStarted", "server":"akswtt013000002"}}
{"logTime": "0604/103323", "correlationVector":"jGSPdcJtCmaIDRqjzd2Iiy.2","action":"ProcessGetUpdates", "result":"Done", "context":{"dataType":"Encryption Keys", "deleted":"0", "process_failed_to_decrypt":"0", "process_pending_decryption":"0", "process_success":"1", "total":"1"}}
{"logTime": "0604/103323", "correlationVector":"SPc0XBQwR/tNF+an3VBoXO","action":"SyncServerConnectionManagerRequest", "result":"SYNC_SERVER_OK", "context":{"environment":"", "migrationStage":"", "server":""}}
{"logTime": "0604/103323", "correlationVector":"SPc0XBQwR/tNF+an3VBoXO.0","action":"EncryptionKeysFetcher.DownloadKeys:", "result":"Success", "context":Key count: 2, Last key timestamp: 2024-12-25T15:57:09Z}
{"logTime": "0604/103323", "correlationVector":"SPc0XBQwR/tNF+an3VBoXO.1","action":"EncryptionKeysManager::SetEncryptionKeys:", "result":"Success", "context":Key names[2]:[otcWmLYq0L1FGGiv9hN4KBqxzFkuqPBzYWTdmOVw3WnsYeK5en2Lee3RczSkkvGBrEkuDIHgDpYg1iw42EfZKA==][qoED4AuKS+LEJqwJ3jm+nhn5sErk3mnZ/qxOsoc2pbFIURLodYRuNQBvRAOsskdRuM1yPx/t2Ay+QeZrlOLtfw==]}
{"logTime": "0604/103323", "correlationVector":"SPc0XBQwR/tNF+an3VBoXO.2","action":"EncryptionKeysManager::SetEncryptionKeysWithTimestamps:", "result":"Success", "context":Key timestamps[2]:[2024-06-26T07:44:00Z][2024-12-25T15:57:09Z]}
{"logTime": "0604/103323", "correlationVector":"jGSPdcJtCmaIDRqjzd2Iiy","action":"Initial GetUpdates", "result":"", "context":Reason: NEW_CLIENT. cV=jGSPdcJtCmaIDRqjzd2Iiy}
{"logTime": "0604/103323", "correlationVector":"jGSPdcJtCmaIDRqjzd2Iiy.3","action":"GetUpdates Response", "result":"Success", "context":Received 1 update(s). cV=jGSPdcJtCmaIDRqjzd2Iiy.0;server=akswtt013000002;cloudType=Consumer;environment=Prod_southindia_prod-s01-004-apac-southindia;migrationStage=NotStarted}
{"logTime": "0604/103323", "correlationVector":"BJCQZPYHFYgZTzlWqKbiSY","action":"Initial GetUpdates", "result":"", "context":Reason: NEWLY_SUPPORTED_DATATYPE. cV=BJCQZPYHFYgZTzlWqKbiSY}
{"logTime": "0604/103324", "correlationVector":"BJCQZPYHFYgZTzlWqKbiSY.1","action":"SyncServerConnectionManagerRequest", "result":"SYNC_SERVER_OK", "context":{"environment":"Prod_southindia_prod-s01-004-apac-southindia", "migrationStage":"NotStarted", "server":"akswtt013000019"}}
{"logTime": "0604/103324", "correlationVector":"BJCQZPYHFYgZTzlWqKbiSY.2","action":"ProcessGetUpdates", "result":"Done", "context":{"dataType":"Passwords", "deleted":"0", "process_failed_to_decrypt":"0", "process_pending_decryption":"0", "process_success":"6", "total":"6"}}
{"logTime": "0604/103324", "correlationVector":"BJCQZPYHFYgZTzlWqKbiSY.3","action":"GetUpdates Response", "result":"Success", "context":Received 6 update(s). cV=BJCQZPYHFYgZTzlWqKbiSY.0;server=akswtt013000019;cloudType=Consumer;environment=Prod_southindia_prod-s01-004-apac-southindia;migrationStage=NotStarted}
{"logTime": "0604/103324", "correlationVector":"AS76AqpE22whfdXpYxdA5f","action":"Normal GetUpdate request", "result":"", "context":cV=AS76AqpE22whfdXpYxdA5f
Nudged types: Sessions, History
Refresh requested types: Bookmarks, Preferences, Passwords, Autofill Profiles, Autofill, Extensions, Sessions, Extension settings, History Delete Directives, Device Info, User Consents, Send Tab To Self, Web Apps, History, Saved Tab Group, Collection, Edge E Drop, Edge Hub App Usage, Edge Tab Group, Edge Wallet, Encryption Keys}
{"logTime": "0604/103324", "correlationVector":"AS76AqpE22whfdXpYxdA5f.1","action":"SyncServerConnectionManagerRequest", "result":"SYNC_SERVER_OK", "context":{"environment":"Prod_southindia_prod-s01-004-apac-southindia", "migrationStage":"NotStarted", "server":"akswtt013000032"}}
{"logTime": "0604/103324", "correlationVector":"AS76AqpE22whfdXpYxdA5f.2","action":"ProcessGetUpdates", "result":"Done", "context":{"dataType":"Preferences", "deleted":"0", "process_failed_to_decrypt":"0", "process_pending_decryption":"0", "process_success":"2", "total":"2"}}
{"logTime": "0604/103324", "correlationVector":"AS76AqpE22whfdXpYxdA5f.3","action":"ProcessGetUpdates", "result":"Done", "context":{"dataType":"Sessions", "deleted":"1", "process_failed_to_decrypt":"0", "process_pending_decryption":"0", "process_success":"3", "total":"3"}}
{"logTime": "0604/103324", "correlationVector":"AS76AqpE22whfdXpYxdA5f.4","action":"ProcessGetUpdates", "result":"Done", "context":{"dataType":"Device Info", "deleted":"0", "process_failed_to_decrypt":"0", "process_pending_decryption":"0", "process_success":"1", "total":"1"}}
{"logTime": "0604/103324", "correlationVector":"AS76AqpE22whfdXpYxdA5f.5","action":"ProcessGetUpdates", "result":"Done", "context":{"dataType":"History", "deleted":"0", "process_failed_to_decrypt":"0", "process_pending_decryption":"0", "process_success":"10", "total":"10"}}
{"logTime": "0604/103324", "correlationVector":"AS76AqpE22whfdXpYxdA5f.6","action":"ProcessGetUpdates", "result":"Done", "context":{"dataType":"Edge Hub App Usage", "deleted":"0", "process_failed_to_decrypt":"0", "process_pending_decryption":"0", "process_success":"1", "total":"1"}}
{"logTime": "0604/103324", "correlationVector":"AS76AqpE22whfdXpYxdA5f.7","action":"GetUpdates Response", "result":"Success", "context":Received 17 update(s). cV=AS76AqpE22whfdXpYxdA5f.0;server=akswtt013000032;cloudType=Consumer;environment=Prod_southindia_prod-s01-004-apac-southindia;migrationStage=NotStarted}
{"logTime": "0604/103324", "correlationVector":"bCcy+MAJqx1wsH9GopWCzP","action":"Poll GetUpdate request", "result":"", "context":cV=bCcy+MAJqx1wsH9GopWCzP}
{"logTime": "0604/103325", "correlationVector":"bCcy+MAJqx1wsH9GopWCzP.1","action":"SyncServerConnectionManagerRequest", "result":"SYNC_SERVER_OK", "context":{"environment":"Prod_southindia_prod-s01-004-apac-southindia", "migrationStage":"NotStarted", "server":"akswtt01300004b"}}
{"logTime": "0604/103325", "correlationVector":"bCcy+MAJqx1wsH9GopWCzP.2","action":"GetUpdates Response", "result":"Success", "context":Received 0 update(s). cV=bCcy+MAJqx1wsH9GopWCzP.0;server=akswtt01300004b;cloudType=Consumer;environment=Prod_southindia_prod-s01-004-apac-southindia;migrationStage=NotStarted}
{"logTime": "0604/103328", "correlationVector":"zzbCKPZZquBGJES0riP8k0","action":"Commit Request", "result":"", "context":Item count: 5
Contributing types: Preferences, Passwords, History}
{"logTime": "0604/103328", "correlationVector":"zzbCKPZZquBGJES0riP8k0.1","action":"SyncServerConnectionManagerRequest", "result":"SYNC_SERVER_OK", "context":{"environment":"Prod_southindia_prod-s01-004-apac-southindia", "migrationStage":"NotStarted", "server":"akswtt013000028"}}
{"logTime": "0604/103328", "correlationVector":"zzbCKPZZquBGJES0riP8k0.2","action":"Commit Response", "result":"Success", "context":Result: Success. cV=zzbCKPZZquBGJES0riP8k0.0;server=akswtt013000028;cloudType=Consumer;environment=Prod_southindia_prod-s01-004-apac-southindia;migrationStage=NotStarted}
{"logTime": "0604/103437", "correlationVector":"hrlLn39uwo9uQTOZ1sAcpw","action":"Commit Request", "result":"", "context":Item count: 8
Contributing types: Sessions, History}
{"logTime": "0604/103438", "correlationVector":"hrlLn39uwo9uQTOZ1sAcpw.1","action":"SyncServerConnectionManagerRequest", "result":"SYNC_SERVER_OK", "context":{"environment":"Prod_southindia_prod-s01-004-apac-southindia", "migrationStage":"NotStarted", "server":"akswtt01300004r"}}
{"logTime": "0604/103438", "correlationVector":"hrlLn39uwo9uQTOZ1sAcpw.2","action":"Commit Response", "result":"Success", "context":Result: Success. cV=hrlLn39uwo9uQTOZ1sAcpw.0;server=akswtt01300004r;cloudType=Consumer;environment=Prod_southindia_prod-s01-004-apac-southindia;migrationStage=NotStarted}
{"logTime": "0604/103612", "correlationVector":"jU+pzAEfhaEj0FWvyLLAwe","action":"Commit Request", "result":"", "context":Item count: 4
Contributing types: Sessions, History}
{"logTime": "0604/103614", "correlationVector":"jU+pzAEfhaEj0FWvyLLAwe.1","action":"SyncServerConnectionManagerRequest", "result":"SYNC_SERVER_OK", "context":{"environment":"Prod_southindia_prod-s01-004-apac-southindia", "migrationStage":"NotStarted", "server":"akswtt01300004c"}}
{"logTime": "0604/103614", "correlationVector":"jU+pzAEfhaEj0FWvyLLAwe.2","action":"Commit Response", "result":"Success", "context":Result: Success. cV=jU+pzAEfhaEj0FWvyLLAwe.0;server=akswtt01300004c;cloudType=Consumer;environment=Prod_southindia_prod-s01-004-apac-southindia;migrationStage=NotStarted}
{"logTime": "0604/104331", "correlationVector":"u63z9OdrrhFywqYk8mut5s.1","action":"SyncServerConnectionManagerRequest", "result":"SYNC_SERVER_OK", "context":{"environment":"Prod_southindia_prod-s01-004-apac-southindia", "migrationStage":"NotStarted", "server":"akswtt01300000v"}}
{"logTime": "0604/104331", "correlationVector":"u63z9OdrrhFywqYk8mut5s.2","action":"ProcessGetUpdates", "result":"Done", "context":{"dataType":"Encryption Keys", "deleted":"0", "process_failed_to_decrypt":"0", "process_pending_decryption":"0", "process_success":"1", "total":"1"}}
{"logTime": "0604/104331", "correlationVector":"o5SvvEf8hm66aNyy10mmTo","action":"SyncServerConnectionManagerRequest", "result":"SYNC_SERVER_OK", "context":{"environment":"", "migrationStage":"", "server":""}}
{"logTime": "0604/104331", "correlationVector":"o5SvvEf8hm66aNyy10mmTo.0","action":"EncryptionKeysFetcher.DownloadKeys:", "result":"Success", "context":Key count: 2, Last key timestamp: 2024-12-25T15:57:09Z}
{"logTime": "0604/104331", "correlationVector":"o5SvvEf8hm66aNyy10mmTo.1","action":"EncryptionKeysManager::SetEncryptionKeys:", "result":"Success", "context":Key names[2]:[otcWmLYq0L1FGGiv9hN4KBqxzFkuqPBzYWTdmOVw3WnsYeK5en2Lee3RczSkkvGBrEkuDIHgDpYg1iw42EfZKA==][qoED4AuKS+LEJqwJ3jm+nhn5sErk3mnZ/qxOsoc2pbFIURLodYRuNQBvRAOsskdRuM1yPx/t2Ay+QeZrlOLtfw==]}
{"logTime": "0604/104331", "correlationVector":"o5SvvEf8hm66aNyy10mmTo.2","action":"EncryptionKeysManager::SetEncryptionKeysWithTimestamps:", "result":"Success", "context":Key timestamps[2]:[2024-06-26T07:44:00Z][2024-12-25T15:57:09Z]}
{"logTime": "0604/104331", "correlationVector":"u63z9OdrrhFywqYk8mut5s","action":"Initial GetUpdates", "result":"", "context":Reason: NEW_CLIENT. cV=u63z9OdrrhFywqYk8mut5s}
{"logTime": "0604/104331", "correlationVector":"u63z9OdrrhFywqYk8mut5s.3","action":"GetUpdates Response", "result":"Success", "context":Received 1 update(s). cV=u63z9OdrrhFywqYk8mut5s.0;server=akswtt01300000v;cloudType=Consumer;environment=Prod_southindia_prod-s01-004-apac-southindia;migrationStage=NotStarted}
{"logTime": "0604/104331", "correlationVector":"JS4JHBgHCNvMw8YvGT3cTH","action":"Initial GetUpdates", "result":"", "context":Reason: NEWLY_SUPPORTED_DATATYPE. cV=JS4JHBgHCNvMw8YvGT3cTH}
{"logTime": "0604/104332", "correlationVector":"JS4JHBgHCNvMw8YvGT3cTH.1","action":"SyncServerConnectionManagerRequest", "result":"SYNC_SERVER_OK", "context":{"environment":"Prod_southindia_prod-s01-004-apac-southindia", "migrationStage":"NotStarted", "server":"akswtt01300004n"}}
{"logTime": "0604/104332", "correlationVector":"JS4JHBgHCNvMw8YvGT3cTH.2","action":"ProcessGetUpdates", "result":"Done", "context":{"dataType":"Passwords", "deleted":"0", "process_failed_to_decrypt":"0", "process_pending_decryption":"0", "process_success":"6", "total":"6"}}
{"logTime": "0604/104332", "correlationVector":"JS4JHBgHCNvMw8YvGT3cTH.3","action":"GetUpdates Response", "result":"Success", "context":Received 6 update(s). cV=JS4JHBgHCNvMw8YvGT3cTH.0;server=akswtt01300004n;cloudType=Consumer;environment=Prod_southindia_prod-s01-004-apac-southindia;migrationStage=NotStarted}
{"logTime": "0604/104332", "correlationVector":"uG8sJBL459EsLrdkDedkd0","action":"Normal GetUpdate request", "result":"", "context":cV=uG8sJBL459EsLrdkDedkd0
Nudged types: Sessions, Device Info, History
Refresh requested types: Bookmarks, Preferences, Passwords, Autofill Profiles, Autofill, Extensions, Sessions, Extension settings, History Delete Directives, Device Info, User Consents, Send Tab To Self, Web Apps, History, Saved Tab Group, Collection, Edge E Drop, Edge Hub App Usage, Edge Tab Group, Edge Wallet, Encryption Keys}
{"logTime": "0604/104332", "correlationVector":"uG8sJBL459EsLrdkDedkd0.1","action":"SyncServerConnectionManagerRequest", "result":"SYNC_SERVER_OK", "context":{"environment":"Prod_southindia_prod-s01-004-apac-southindia", "migrationStage":"NotStarted", "server":"akswtt013000029"}}
{"logTime": "0604/104332", "correlationVector":"uG8sJBL459EsLrdkDedkd0.2","action":"ProcessGetUpdates", "result":"Done", "context":{"dataType":"Preferences", "deleted":"0", "process_failed_to_decrypt":"0", "process_pending_decryption":"0", "process_success":"1", "total":"1"}}
{"logTime": "0604/104332", "correlationVector":"uG8sJBL459EsLrdkDedkd0.3","action":"ProcessGetUpdates", "result":"Done", "context":{"dataType":"Sessions", "deleted":"0", "process_failed_to_decrypt":"0", "process_pending_decryption":"0", "process_success":"2", "total":"2"}}
{"logTime": "0604/104332", "correlationVector":"uG8sJBL459EsLrdkDedkd0.4","action":"ProcessGetUpdates", "result":"Done", "context":{"dataType":"History", "deleted":"0", "process_failed_to_decrypt":"0", "process_pending_decryption":"0", "process_success":"9", "total":"9"}}
{"logTime": "0604/104332", "correlationVector":"uG8sJBL459EsLrdkDedkd0.5","action":"GetUpdates Response", "result":"Success", "context":Received 12 update(s). cV=uG8sJBL459EsLrdkDedkd0.0;server=akswtt013000029;cloudType=Consumer;environment=Prod_southindia_prod-s01-004-apac-southindia;migrationStage=NotStarted}
{"logTime": "0604/104332", "correlationVector":"/XWmKaBKfuLVBqXa5rhIKj","action":"Commit Request", "result":"", "context":Item count: 8
Contributing types: Sessions, Device Info, History}
{"logTime": "0604/104333", "correlationVector":"/XWmKaBKfuLVBqXa5rhIKj.1","action":"SyncServerConnectionManagerRequest", "result":"SYNC_SERVER_OK", "context":{"environment":"Prod_southindia_prod-s01-004-apac-southindia", "migrationStage":"NotStarted", "server":"akswtt01300001c"}}
{"logTime": "0604/104333", "correlationVector":"/XWmKaBKfuLVBqXa5rhIKj.2","action":"Commit Response", "result":"Success", "context":Result: Success. cV=/XWmKaBKfuLVBqXa5rhIKj.0;server=akswtt01300001c;cloudType=Consumer;environment=Prod_southindia_prod-s01-004-apac-southindia;migrationStage=NotStarted}
{"logTime": "0604/104335", "correlationVector":"Sz1Ah602wDW1+Hv4Ox9tgZ","action":"Commit Request", "result":"", "context":Item count: 4
Contributing types: Preferences, Passwords}
{"logTime": "0604/104335", "correlationVector":"Sz1Ah602wDW1+Hv4Ox9tgZ.1","action":"SyncServerConnectionManagerRequest", "result":"SYNC_SERVER_OK", "context":{"environment":"Prod_southindia_prod-s01-004-apac-southindia", "migrationStage":"NotStarted", "server":"akswtt013000007"}}
{"logTime": "0604/104335", "correlationVector":"Sz1Ah602wDW1+Hv4Ox9tgZ.2","action":"Commit Response", "result":"Success", "context":Result: Success. cV=Sz1Ah602wDW1+Hv4Ox9tgZ.0;server=akswtt013000007;cloudType=Consumer;environment=Prod_southindia_prod-s01-004-apac-southindia;migrationStage=NotStarted}
{"logTime": "0604/104444", "correlationVector":"DekpUDtKnw1mFUO7EgRy0/","action":"Commit Request", "result":"", "context":Item count: 3
Contributing types: Sessions, History}
{"logTime": "0604/104446", "correlationVector":"DekpUDtKnw1mFUO7EgRy0/.1","action":"SyncServerConnectionManagerRequest", "result":"SYNC_SERVER_OK", "context":{"environment":"Prod_southindia_prod-s01-004-apac-southindia", "migrationStage":"NotStarted", "server":"akswtt013000028"}}
{"logTime": "0604/104446", "correlationVector":"DekpUDtKnw1mFUO7EgRy0/.2","action":"Commit Response", "result":"Success", "context":Result: Success. cV=DekpUDtKnw1mFUO7EgRy0/.0;server=akswtt013000028;cloudType=Consumer;environment=Prod_southindia_prod-s01-004-apac-southindia;migrationStage=NotStarted}
{"logTime": "0604/104446", "correlationVector":"DekpUDtKnw1mFUO7EgRy0/.3","action":"Commit.Sessions", "result":"Success", "context":{"id":"8813131e-5f11-41ef-9a35-8deb5cdab824", "isDeleted":"true", "size":"0", "version":"1749033812826"}}
{"logTime": "0604/105020", "correlationVector":"y9Uu+47QyXn1Rvdr5lyKvM","action":"Commit Request", "result":"", "context":Item count: 1
Contributing types: Sessions}
{"logTime": "0604/105021", "correlationVector":"y9Uu+47QyXn1Rvdr5lyKvM.1","action":"SyncServerConnectionManagerRequest", "result":"SYNC_SERVER_OK", "context":{"environment":"Prod_southindia_prod-s01-004-apac-southindia", "migrationStage":"NotStarted", "server":"akswtt013000025"}}
{"logTime": "0604/105021", "correlationVector":"y9Uu+47QyXn1Rvdr5lyKvM.2","action":"Commit Response", "result":"Success", "context":Result: Success. cV=y9Uu+47QyXn1Rvdr5lyKvM.0;server=akswtt013000025;cloudType=Consumer;environment=Prod_southindia_prod-s01-004-apac-southindia;migrationStage=NotStarted}
{"logTime": "0604/105259", "correlationVector":"PTIG6c+vgQSKEYoRUqEQpQ","action":"Commit Request", "result":"", "context":Item count: 3
Contributing types: Sessions, History}
{"logTime": "0604/105301", "correlationVector":"PTIG6c+vgQSKEYoRUqEQpQ.1","action":"SyncServerConnectionManagerRequest", "result":"SYNC_SERVER_OK", "context":{"environment":"Prod_southindia_prod-s01-004-apac-southindia", "migrationStage":"NotStarted", "server":"akswtt013000035"}}
{"logTime": "0604/105301", "correlationVector":"PTIG6c+vgQSKEYoRUqEQpQ.2","action":"Commit Response", "result":"Success", "context":Result: Success. cV=PTIG6c+vgQSKEYoRUqEQpQ.0;server=akswtt013000035;cloudType=Consumer;environment=Prod_southindia_prod-s01-004-apac-southindia;migrationStage=NotStarted}
{"logTime": "0604/105506", "correlationVector":"gwerAl0vx7+QfpNG7/P4Zr","action":"Commit Request", "result":"", "context":Item count: 3
Contributing types: Sessions, History}
{"logTime": "0604/105507", "correlationVector":"gwerAl0vx7+QfpNG7/P4Zr.1","action":"SyncServerConnectionManagerRequest", "result":"SYNC_SERVER_OK", "context":{"environment":"Prod_southindia_prod-s01-004-apac-southindia", "migrationStage":"NotStarted", "server":"akswtt01300000y"}}
{"logTime": "0604/105507", "correlationVector":"gwerAl0vx7+QfpNG7/P4Zr.2","action":"Commit Response", "result":"Success", "context":Result: Success. cV=gwerAl0vx7+QfpNG7/P4Zr.0;server=akswtt01300000y;cloudType=Consumer;environment=Prod_southindia_prod-s01-004-apac-southindia;migrationStage=NotStarted}
{"logTime": "0604/105938", "correlationVector":"rIXsR8QOu90jOjKcnXtx+m","action":"Commit Request", "result":"", "context":Item count: 1
Contributing types: Sessions}
{"logTime": "0604/105938", "correlationVector":"rIXsR8QOu90jOjKcnXtx+m.1","action":"SyncServerConnectionManagerRequest", "result":"SYNC_SERVER_OK", "context":{"environment":"Prod_southindia_prod-s01-004-apac-southindia", "migrationStage":"NotStarted", "server":"akswtt01300000i"}}
{"logTime": "0604/105938", "correlationVector":"rIXsR8QOu90jOjKcnXtx+m.2","action":"Commit Response", "result":"Success", "context":Result: Success. cV=rIXsR8QOu90jOjKcnXtx+m.0;server=akswtt01300000i;cloudType=Consumer;environment=Prod_southindia_prod-s01-004-apac-southindia;migrationStage=NotStarted}
