2025-06-03 18:49:36.520: [INFO][Sync] Reset engine, reason: 8
2025-06-03 18:49:36.520: [INFO][Sync] Stopped: Bookmarks
2025-06-03 18:49:36.520: [INFO][Sync] Stopped: Preferences
2025-06-03 18:49:36.521: [INFO][Sync] Stopped: Passwords
2025-06-03 18:49:36.521: [INFO][Sync] Stopped: Autofill Profiles
2025-06-03 18:49:36.521: [INFO][Sync] Stopped: Autofill
2025-06-03 18:49:36.521: [INFO][Sync] Stopped: Extensions
2025-06-03 18:49:36.521: [INFO][Sync] Stopped: Sessions
2025-06-03 18:49:36.521: [INFO][Sync] Stopped: Extension settings
2025-06-03 18:49:36.521: [INFO][Sync] Stopped: History Delete Directives
2025-06-03 18:49:36.521: [INFO][Sync] Stopped: Device Info
2025-06-03 18:49:36.521: [INFO][Sync] Stopped: User Consents
2025-06-03 18:49:36.521: [INFO][Sync] Stopped: Send Tab To Self
2025-06-03 18:49:36.521: [INFO][Sync] Stopped: Web Apps
2025-06-03 18:49:36.521: [INFO][Sync] Stopped: History
2025-06-03 18:49:36.521: [INFO][Sync] Stopped: Saved Tab Group
2025-06-03 18:49:36.521: [INFO][Sync] Stopped: Collection
2025-06-03 18:49:36.521: [INFO][Sync] Stopped: Edge E Drop
2025-06-03 18:49:36.521: [INFO][Sync] Stopped: Edge Hub App Usage
2025-06-03 18:49:36.521: [INFO][Sync] Stopped: Edge Tab Group
2025-06-03 18:49:36.521: [INFO][Sync] Stopped: Edge Wallet
2025-06-03 18:49:36.522: [INFO][Sync] SyncState after authenticated was: NotSignedIn
2025-06-03 18:49:37.096: [INFO][Sync] Reset engine, reason: 8
2025-06-03 18:49:37.096: [INFO][Sync] Stopped: Bookmarks
2025-06-03 18:49:37.096: [INFO][Sync] Stopped: Preferences
2025-06-03 18:49:37.096: [INFO][Sync] Stopped: Passwords
2025-06-03 18:49:37.096: [INFO][Sync] Stopped: Autofill Profiles
2025-06-03 18:49:37.096: [INFO][Sync] Stopped: Autofill
2025-06-03 18:49:37.096: [INFO][Sync] Stopped: Extensions
2025-06-03 18:49:37.096: [INFO][Sync] Stopped: Sessions
2025-06-03 18:49:37.096: [INFO][Sync] Stopped: Extension settings
2025-06-03 18:49:37.096: [INFO][Sync] Stopped: History Delete Directives
2025-06-03 18:49:37.096: [INFO][Sync] Stopped: Device Info
2025-06-03 18:49:37.096: [INFO][Sync] Stopped: User Consents
2025-06-03 18:49:37.096: [INFO][Sync] Stopped: Send Tab To Self
2025-06-03 18:49:37.096: [INFO][Sync] Stopped: Web Apps
2025-06-03 18:49:37.096: [INFO][Sync] Stopped: History
2025-06-03 18:49:37.096: [INFO][Sync] Stopped: Saved Tab Group
2025-06-03 18:49:37.097: [INFO][Sync] Stopped: Collection
2025-06-03 18:49:37.097: [INFO][Sync] Stopped: Edge E Drop
2025-06-03 18:49:37.097: [INFO][Sync] Stopped: Edge Hub App Usage
2025-06-03 18:49:37.097: [INFO][Sync] Stopped: Edge Tab Group
2025-06-03 18:49:37.097: [INFO][Sync] Stopped: Edge Wallet
2025-06-03 18:49:37.943: [INFO][Sync] Try to start sync engine
2025-06-03 18:49:37.953: [INFO][SyncManagerImpl::NudgeForInitialDownload] Initial download nudge for Encryption Keys
2025-06-03 18:49:37.953: [INFO][SyncEngineBackend::LoadAndConnectNigoriController] Load and connect Nigori controller
2025-06-03 18:49:37.953: [INFO][SyncEngineBackend::DoInitialize] Control Types added: Encryption Keys
2025-06-03 18:49:37.953: [INFO][SyncManagerImpl::ConfigureSyncer] Types to download: Encryption Keys with reason: 3
2025-06-03 18:49:37.954: [INFO][SyncSchedulerImpl::DoConfigurationSyncCycleJob] Configure job was blocked
2025-06-03 18:49:43.901: [INFO][SyncAuthManager::SetLastAuthError] Current auth error: None
2025-06-03 18:49:43.901: [INFO][SyncAuthManager::EdgeLogTokenErrorState] Token error with: None for account type: MSA
2025-06-03 18:49:43.901: [INFO][Sync] Credentials changed for: EdgeSyncKeyDataScope
2025-06-03 18:49:43.902: [INFO][SyncEngineBackend::DoUpdateKeyDataCredentials] Update key data credentials
2025-06-03 18:49:44.001: [INFO][SyncAuthManager::SetLastAuthError] Current auth error: None
2025-06-03 18:49:44.001: [INFO][SyncAuthManager::EdgeLogTokenErrorState] Token error with: None for account type: MSA
2025-06-03 18:49:44.001: [INFO][Sync] Credentials changed for: EdgeSyncScopeNew
2025-06-03 18:49:44.001: [INFO][SyncEngineBackend::DoUpdateCredentials] Update credentials
2025-06-03 18:49:44.002: [INFO][SyncEngineBackend::DoUpdateKeyDataCredentials] Update key data credentials
2025-06-03 18:49:44.002: [INFO][SyncSchedulerImpl::DoConfigurationSyncCycleJob] Blocked types:  and types to download: Encryption Keys
2025-06-03 18:49:51.769: [INFO][Sync] Started DataTypeManager configuration, reason: 4
2025-06-03 18:49:51.772: [INFO][Sync] Configuring for: Bookmarks, Preferences, Passwords, Autofill Profiles, Autofill, Extensions, Sessions, Extension settings, History Delete Directives, Device Info, User Consents, Send Tab To Self, Web Apps, History, Saved Tab Group, Collection, Edge E Drop, Edge Hub App Usage, Edge Tab Group, Edge Wallet, Encryption Keys, reason: 3, current state: 0
2025-06-03 18:49:51.775: [WARN][Sync] Crypto error data types: Passwords, Autofill Profiles, Autofill
2025-06-03 18:49:51.789: [INFO][Sync] Configure, desired: Bookmarks, Preferences, Extensions, Sessions, Extension settings, History Delete Directives, Device Info, User Consents, Send Tab To Self, Web Apps, History, Saved Tab Group, Collection, Edge E Drop, Edge Hub App Usage, Edge Tab Group, Edge Wallet, Encryption Keys; Allow fail: Passwords, Autofill Profiles, Autofill
2025-06-03 18:49:51.830: [INFO][Sync] Loading: Bookmarks
2025-06-03 18:49:51.832: [INFO][Sync] Loading: Preferences
2025-06-03 18:49:51.832: [INFO][Sync] Loading: Extensions
2025-06-03 18:49:51.845: [INFO][Sync] Loading: Sessions
2025-06-03 18:49:51.850: [INFO][Sync] Loading: Extension settings
2025-06-03 18:49:51.862: [INFO][Sync] Loading: History Delete Directives
2025-06-03 18:49:51.880: [INFO][Sync] Loading: Device Info
2025-06-03 18:49:51.899: [INFO][Sync] Loading: User Consents
2025-06-03 18:49:51.899: [INFO][Sync] Loading: Send Tab To Self
2025-06-03 18:49:51.901: [INFO][Sync] Loading: Web Apps
2025-06-03 18:49:51.901: [INFO][Sync] Loading: History
2025-06-03 18:49:51.901: [INFO][Sync] Loading: Saved Tab Group
2025-06-03 18:49:51.901: [INFO][Sync] Loading: Collection
2025-06-03 18:49:51.901: [INFO][Sync] Loading: Edge E Drop
2025-06-03 18:49:51.901: [INFO][Sync] Loading: Edge Hub App Usage
2025-06-03 18:49:51.901: [INFO][Sync] Loading: Edge Tab Group
2025-06-03 18:49:51.922: [INFO][Sync] Loading: Edge Wallet
2025-06-03 18:49:51.993: [INFO][Sync] All data types are ready for configure.
2025-06-03 18:49:52.538: [INFO][Sync] Started DataTypeManager configuration, reason: 5
2025-06-03 18:49:52.539: [INFO][Sync] Configuring for: Bookmarks, Preferences, Passwords, Autofill Profiles, Autofill, Extensions, Sessions, Extension settings, History Delete Directives, Device Info, User Consents, Send Tab To Self, Web Apps, History, Saved Tab Group, Collection, Edge E Drop, Edge Hub App Usage, Edge Tab Group, Edge Wallet, Encryption Keys, reason: 5, current state: 1
2025-06-03 18:49:52.613: [INFO][SyncEngineBackend::DoStartConfiguration] Start configuration
2025-06-03 18:49:52.623: [INFO][SyncManagerImpl::NudgeForInitialDownload] Initial download nudge for Bookmarks
2025-06-03 18:49:52.623: [INFO][SyncManagerImpl::NudgeForInitialDownload] Initial download nudge for Preferences
2025-06-03 18:49:52.623: [INFO][SyncManagerImpl::NudgeForInitialDownload] Initial download nudge for Extensions
2025-06-03 18:49:52.623: [INFO][SyncManagerImpl::NudgeForInitialDownload] Initial download nudge for Sessions
2025-06-03 18:49:52.624: [INFO][SyncManagerImpl::NudgeForInitialDownload] Initial download nudge for Extension settings
2025-06-03 18:49:52.624: [INFO][SyncManagerImpl::NudgeForInitialDownload] Initial download nudge for History Delete Directives
2025-06-03 18:49:52.624: [INFO][SyncManagerImpl::NudgeForInitialDownload] Initial download nudge for Device Info
2025-06-03 18:49:52.624: [INFO][SyncManagerImpl::NudgeForInitialDownload] Initial download nudge for Send Tab To Self
2025-06-03 18:49:52.624: [INFO][SyncManagerImpl::NudgeForInitialDownload] Initial download nudge for Web Apps
2025-06-03 18:49:52.624: [INFO][SyncManagerImpl::NudgeForInitialDownload] Initial download nudge for History
2025-06-03 18:49:52.624: [INFO][SyncManagerImpl::NudgeForInitialDownload] Initial download nudge for Saved Tab Group
2025-06-03 18:49:52.624: [INFO][SyncManagerImpl::NudgeForInitialDownload] Initial download nudge for Collection
2025-06-03 18:49:52.624: [INFO][SyncManagerImpl::NudgeForInitialDownload] Initial download nudge for Edge E Drop
2025-06-03 18:49:52.624: [INFO][SyncManagerImpl::NudgeForInitialDownload] Initial download nudge for Edge Hub App Usage
2025-06-03 18:49:52.624: [INFO][SyncManagerImpl::NudgeForInitialDownload] Initial download nudge for Edge Tab Group
2025-06-03 18:49:52.624: [INFO][SyncManagerImpl::NudgeForInitialDownload] Initial download nudge for Edge Wallet
2025-06-03 18:49:52.624: [INFO][SyncManagerImpl::ConfigureSyncer] Types to download:  with reason: 3
2025-06-03 18:49:52.624: [INFO][SyncEngineBackend::DoFinishConfigureDataTypes] Failed to download types:  and succeeded types: 
2025-06-03 18:49:52.657: [INFO][Sync] ConfigurationDone, failed: , succeeded: , remaining count: 4
2025-06-03 18:49:52.657: [WARN][Sync]     Reconfigure requested while configuration ongoing.
2025-06-03 18:49:52.657: [INFO][Sync] Configuring for: Bookmarks, Preferences, Passwords, Autofill Profiles, Autofill, Extensions, Sessions, Extension settings, History Delete Directives, Device Info, User Consents, Send Tab To Self, Web Apps, History, Saved Tab Group, Collection, Edge E Drop, Edge Hub App Usage, Edge Tab Group, Edge Wallet, Encryption Keys, reason: 5, current state: 2
2025-06-03 18:49:52.657: [INFO][Sync] Configure, desired: Bookmarks, Preferences, Passwords, Autofill Profiles, Autofill, Extensions, Sessions, Extension settings, History Delete Directives, Device Info, User Consents, Send Tab To Self, Web Apps, History, Saved Tab Group, Collection, Edge E Drop, Edge Hub App Usage, Edge Tab Group, Edge Wallet, Encryption Keys; Allow fail: 
2025-06-03 18:49:52.657: [INFO][Sync] Loading: Passwords
2025-06-03 18:49:52.657: [INFO][Sync] Loading: Autofill Profiles
2025-06-03 18:49:52.657: [INFO][Sync] Loading: Autofill
2025-06-03 18:49:52.671: [INFO][Sync] All data types are ready for configure.
2025-06-03 18:49:52.671: [INFO][SyncManagerImpl::NudgeForInitialDownload] Initial download nudge for Passwords
2025-06-03 18:49:52.671: [INFO][SyncManagerImpl::NudgeForInitialDownload] Initial download nudge for Autofill Profiles
2025-06-03 18:49:52.671: [INFO][SyncManagerImpl::NudgeForInitialDownload] Initial download nudge for Autofill
2025-06-03 18:49:52.671: [INFO][SyncManagerImpl::ConfigureSyncer] Types to download:  with reason: 5
2025-06-03 18:49:52.671: [INFO][SyncEngineBackend::DoFinishConfigureDataTypes] Failed to download types:  and succeeded types: 
2025-06-03 18:49:52.671: [INFO][Sync] ConfigurationDone, failed: , succeeded: , remaining count: 4
2025-06-03 18:49:52.672: [INFO][Sync] Prepare to configure types: Preferences, Passwords, Device Info, Send Tab To Self, Edge E Drop, Encryption Keys
2025-06-03 18:49:52.673: [INFO][SyncManagerImpl::ConfigureSyncer] Types to download: Preferences, Passwords, Device Info, Send Tab To Self, Edge E Drop, Encryption Keys with reason: 5
2025-06-03 18:49:52.673: [INFO][SyncSchedulerImpl::DoConfigurationSyncCycleJob] Blocked types:  and types to download: Preferences, Passwords, Device Info, Send Tab To Self, Edge E Drop, Encryption Keys
2025-06-03 18:49:53.136: [INFO][SyncEngineBackend::DoFinishConfigureDataTypes] Failed to download types:  and succeeded types: Preferences, Passwords, Device Info, Send Tab To Self, Edge E Drop, Encryption Keys
2025-06-03 18:49:53.390: [INFO][Sync] ConfigurationDone, failed: , succeeded: Preferences, Passwords, Device Info, Send Tab To Self, Edge E Drop, Encryption Keys, remaining count: 3
2025-06-03 18:49:53.391: [INFO][Sync] Prepare to configure types: Bookmarks, Encryption Keys
2025-06-03 18:49:53.391: [INFO][SyncManagerImpl::ConfigureSyncer] Types to download: Bookmarks, Encryption Keys with reason: 5
2025-06-03 18:49:53.391: [INFO][SyncSchedulerImpl::DoConfigurationSyncCycleJob] Blocked types:  and types to download: Bookmarks, Encryption Keys
2025-06-03 18:49:54.091: [INFO][SyncEngineBackend::DoFinishConfigureDataTypes] Failed to download types:  and succeeded types: Bookmarks, Encryption Keys
2025-06-03 18:49:54.107: [INFO][Sync] ConfigurationDone, failed: , succeeded: Bookmarks, Encryption Keys, remaining count: 2
2025-06-03 18:49:54.107: [INFO][Sync] Prepare to configure types: Autofill Profiles, Autofill, Extensions, Sessions, Extension settings, History Delete Directives, Web Apps, Saved Tab Group, Collection, Edge Hub App Usage, Edge Tab Group, Edge Wallet, Encryption Keys
2025-06-03 18:49:54.107: [INFO][SyncManagerImpl::ConfigureSyncer] Types to download: Autofill Profiles, Autofill, Extensions, Sessions, Extension settings, History Delete Directives, Web Apps, Saved Tab Group, Collection, Edge Hub App Usage, Edge Tab Group, Edge Wallet, Encryption Keys with reason: 5
2025-06-03 18:49:54.107: [INFO][SyncSchedulerImpl::DoConfigurationSyncCycleJob] Blocked types:  and types to download: Autofill Profiles, Autofill, Extensions, Sessions, Extension settings, History Delete Directives, Web Apps, Saved Tab Group, Collection, Edge Hub App Usage, Edge Tab Group, Edge Wallet, Encryption Keys
2025-06-03 18:49:54.703: [INFO][SyncEngineBackend::DoFinishConfigureDataTypes] Failed to download types:  and succeeded types: Autofill Profiles, Autofill, Extensions, Sessions, Extension settings, History Delete Directives, Web Apps, Saved Tab Group, Collection, Edge Hub App Usage, Edge Tab Group, Edge Wallet, Encryption Keys
2025-06-03 18:49:54.706: [INFO][Sync] ConfigurationDone, failed: , succeeded: Autofill Profiles, Autofill, Extensions, Sessions, Extension settings, History Delete Directives, Web Apps, Saved Tab Group, Collection, Edge Hub App Usage, Edge Tab Group, Edge Wallet, Encryption Keys, remaining count: 1
2025-06-03 18:49:54.712: [INFO][Sync] Prepare to configure types: History, Encryption Keys
2025-06-03 18:49:54.712: [INFO][SyncManagerImpl::ConfigureSyncer] Types to download: History, Encryption Keys with reason: 5
2025-06-03 18:49:54.712: [INFO][SyncSchedulerImpl::DoConfigurationSyncCycleJob] Blocked types:  and types to download: History, Encryption Keys
2025-06-03 18:49:55.091: [INFO][SyncEngineBackend::DoFinishConfigureDataTypes] Failed to download types:  and succeeded types: History, Encryption Keys
2025-06-03 18:49:55.095: [INFO][Sync] ConfigurationDone, failed: , succeeded: History, Encryption Keys, remaining count: 0
2025-06-03 18:49:55.100: [INFO][Sync]     Configuration completed, state: 7
2025-06-03 18:49:55.111: [INFO][Sync] Configured DataTypeManager: Ok
2025-06-03 18:49:55.117: [INFO][SyncEngineBackend::DoStartSyncing] Start syncing
2025-06-03 19:06:57.186: [INFO][Sync] Reset engine, reason: 0
2025-06-03 19:06:57.186: [INFO][Sync] Reset engine with reason: 0
2025-06-04 10:33:14.805: [INFO][Sync] SyncState after authenticated was: FeatureCanStart
2025-06-04 10:33:17.829: [INFO][Sync] Try to start sync engine
2025-06-04 10:33:17.869: [INFO][SyncManagerImpl::NudgeForInitialDownload] Initial download nudge for Encryption Keys
2025-06-04 10:33:17.869: [INFO][SyncEngineBackend::LoadAndConnectNigoriController] Load and connect Nigori controller
2025-06-04 10:33:17.869: [INFO][SyncEngineBackend::DoInitialize] Control Types added: Encryption Keys
2025-06-04 10:33:17.869: [INFO][SyncManagerImpl::ConfigureSyncer] Types to download: Encryption Keys with reason: 3
2025-06-04 10:33:17.871: [INFO][SyncSchedulerImpl::DoConfigurationSyncCycleJob] Configure job was blocked
2025-06-04 10:33:18.334: [INFO][SyncAuthManager::SetLastAuthError] Current auth error: None
2025-06-04 10:33:18.335: [INFO][SyncAuthManager::EdgeLogTokenErrorState] Token error with: None for account type: MSA
2025-06-04 10:33:18.335: [INFO][Sync] Credentials changed for: EdgeSyncScopeNew
2025-06-04 10:33:22.117: [INFO][SyncAuthManager::SetLastAuthError] Current auth error: None
2025-06-04 10:33:22.117: [INFO][SyncAuthManager::EdgeLogTokenErrorState] Token error with: None for account type: MSA
2025-06-04 10:33:22.117: [INFO][Sync] Credentials changed for: EdgeSyncKeyDataScope
2025-06-04 10:33:22.117: [INFO][SyncEngineBackend::DoUpdateKeyDataCredentials] Update key data credentials
2025-06-04 10:33:22.117: [INFO][SyncEngineBackend::DoUpdateCredentials] Update credentials
2025-06-04 10:33:22.118: [INFO][SyncSchedulerImpl::DoConfigurationSyncCycleJob] Blocked types:  and types to download: Encryption Keys
2025-06-04 10:33:23.152: [INFO][Sync] Started DataTypeManager configuration, reason: 4
2025-06-04 10:33:23.153: [INFO][Sync] Configuring for: Bookmarks, Preferences, Passwords, Autofill Profiles, Autofill, Extensions, Sessions, Extension settings, History Delete Directives, Device Info, User Consents, Send Tab To Self, Web Apps, History, Saved Tab Group, Collection, Edge E Drop, Edge Hub App Usage, Edge Tab Group, Edge Wallet, Encryption Keys, reason: 4, current state: 0
2025-06-04 10:33:23.154: [WARN][Sync] Crypto error data types: Passwords, Autofill Profiles, Autofill
2025-06-04 10:33:23.163: [INFO][Sync] Configure, desired: Bookmarks, Preferences, Extensions, Sessions, Extension settings, History Delete Directives, Device Info, User Consents, Send Tab To Self, Web Apps, History, Saved Tab Group, Collection, Edge E Drop, Edge Hub App Usage, Edge Tab Group, Edge Wallet, Encryption Keys; Allow fail: Passwords, Autofill Profiles, Autofill
2025-06-04 10:33:23.165: [INFO][Sync] Loading: Bookmarks
2025-06-04 10:33:23.165: [INFO][Sync] Loading: Preferences
2025-06-04 10:33:23.165: [INFO][Sync] Loading: Extensions
2025-06-04 10:33:23.166: [INFO][Sync] Loading: Sessions
2025-06-04 10:33:23.167: [INFO][Sync] Loading: Extension settings
2025-06-04 10:33:23.167: [INFO][Sync] Loading: History Delete Directives
2025-06-04 10:33:23.168: [INFO][Sync] Loading: Device Info
2025-06-04 10:33:23.168: [INFO][Sync] Loading: User Consents
2025-06-04 10:33:23.168: [INFO][Sync] Loading: Send Tab To Self
2025-06-04 10:33:23.168: [INFO][Sync] Loading: Web Apps
2025-06-04 10:33:23.168: [INFO][Sync] Loading: History
2025-06-04 10:33:23.169: [INFO][Sync] Loading: Saved Tab Group
2025-06-04 10:33:23.169: [INFO][Sync] Loading: Collection
2025-06-04 10:33:23.169: [INFO][Sync] Loading: Edge E Drop
2025-06-04 10:33:23.169: [INFO][Sync] Loading: Edge Hub App Usage
2025-06-04 10:33:23.169: [INFO][Sync] Loading: Edge Tab Group
2025-06-04 10:33:23.169: [INFO][Sync] Loading: Edge Wallet
2025-06-04 10:33:23.218: [INFO][Sync] All data types are ready for configure.
2025-06-04 10:33:23.792: [INFO][Sync] Started DataTypeManager configuration, reason: 5
2025-06-04 10:33:23.792: [INFO][Sync] Configuring for: Bookmarks, Preferences, Passwords, Autofill Profiles, Autofill, Extensions, Sessions, Extension settings, History Delete Directives, Device Info, User Consents, Send Tab To Self, Web Apps, History, Saved Tab Group, Collection, Edge E Drop, Edge Hub App Usage, Edge Tab Group, Edge Wallet, Encryption Keys, reason: 5, current state: 1
2025-06-04 10:33:23.794: [INFO][SyncEngineBackend::DoStartConfiguration] Start configuration
2025-06-04 10:33:23.795: [INFO][SyncManagerImpl::ConfigureSyncer] Types to download:  with reason: 4
2025-06-04 10:33:23.795: [INFO][SyncEngineBackend::DoFinishConfigureDataTypes] Failed to download types:  and succeeded types: 
2025-06-04 10:33:23.796: [INFO][Sync] ConfigurationDone, failed: , succeeded: , remaining count: 4
2025-06-04 10:33:23.796: [WARN][Sync]     Reconfigure requested while configuration ongoing.
2025-06-04 10:33:23.796: [INFO][Sync] Configuring for: Bookmarks, Preferences, Passwords, Autofill Profiles, Autofill, Extensions, Sessions, Extension settings, History Delete Directives, Device Info, User Consents, Send Tab To Self, Web Apps, History, Saved Tab Group, Collection, Edge E Drop, Edge Hub App Usage, Edge Tab Group, Edge Wallet, Encryption Keys, reason: 5, current state: 2
2025-06-04 10:33:23.796: [INFO][Sync] Configure, desired: Bookmarks, Preferences, Passwords, Autofill Profiles, Autofill, Extensions, Sessions, Extension settings, History Delete Directives, Device Info, User Consents, Send Tab To Self, Web Apps, History, Saved Tab Group, Collection, Edge E Drop, Edge Hub App Usage, Edge Tab Group, Edge Wallet, Encryption Keys; Allow fail: 
2025-06-04 10:33:23.796: [INFO][Sync] Loading: Passwords
2025-06-04 10:33:23.796: [INFO][Sync] Loading: Autofill Profiles
2025-06-04 10:33:23.796: [INFO][Sync] Loading: Autofill
2025-06-04 10:33:23.798: [INFO][Sync] All data types are ready for configure.
2025-06-04 10:33:23.801: [INFO][SyncManagerImpl::NudgeForInitialDownload] Initial download nudge for Passwords
2025-06-04 10:33:23.801: [INFO][SyncManagerImpl::ConfigureSyncer] Types to download:  with reason: 5
2025-06-04 10:33:23.801: [INFO][SyncEngineBackend::DoFinishConfigureDataTypes] Failed to download types:  and succeeded types: 
2025-06-04 10:33:23.812: [INFO][Sync] ConfigurationDone, failed: , succeeded: , remaining count: 4
2025-06-04 10:33:23.812: [INFO][Sync] Prepare to configure types: Passwords, Encryption Keys
2025-06-04 10:33:23.813: [INFO][SyncManagerImpl::ConfigureSyncer] Types to download: Passwords, Encryption Keys with reason: 5
2025-06-04 10:33:23.813: [INFO][SyncSchedulerImpl::DoConfigurationSyncCycleJob] Blocked types:  and types to download: Passwords, Encryption Keys
2025-06-04 10:33:24.088: [INFO][SyncEngineBackend::DoFinishConfigureDataTypes] Failed to download types:  and succeeded types: Passwords, Encryption Keys
2025-06-04 10:33:24.093: [INFO][Sync] ConfigurationDone, failed: , succeeded: Passwords, Encryption Keys, remaining count: 3
2025-06-04 10:33:24.093: [INFO][SyncManagerImpl::ConfigureSyncer] Types to download:  with reason: 5
2025-06-04 10:33:24.093: [INFO][SyncEngineBackend::DoFinishConfigureDataTypes] Failed to download types:  and succeeded types: 
2025-06-04 10:33:24.094: [INFO][Sync] ConfigurationDone, failed: , succeeded: , remaining count: 2
2025-06-04 10:33:24.094: [INFO][SyncManagerImpl::ConfigureSyncer] Types to download:  with reason: 5
2025-06-04 10:33:24.094: [INFO][SyncEngineBackend::DoFinishConfigureDataTypes] Failed to download types:  and succeeded types: 
2025-06-04 10:33:24.108: [INFO][Sync] ConfigurationDone, failed: , succeeded: , remaining count: 1
2025-06-04 10:33:24.114: [INFO][SyncManagerImpl::ConfigureSyncer] Types to download:  with reason: 5
2025-06-04 10:33:24.114: [INFO][SyncEngineBackend::DoFinishConfigureDataTypes] Failed to download types:  and succeeded types: 
2025-06-04 10:33:24.115: [INFO][Sync] ConfigurationDone, failed: , succeeded: , remaining count: 0
2025-06-04 10:33:24.121: [INFO][Sync]     Configuration completed, state: 7
2025-06-04 10:33:24.122: [INFO][Sync] Configured DataTypeManager: Ok
2025-06-04 10:33:24.132: [INFO][SyncEngineBackend::DoStartSyncing] Start syncing
2025-06-04 10:37:18.469: [INFO][Sync] Reset engine, reason: 0
2025-06-04 10:37:18.469: [INFO][Sync] Reset engine with reason: 0
2025-06-04 10:43:24.420: [INFO][Sync] SyncState after authenticated was: FeatureCanStart
2025-06-04 10:43:26.830: [INFO][Sync] Try to start sync engine
2025-06-04 10:43:26.868: [INFO][SyncManagerImpl::NudgeForInitialDownload] Initial download nudge for Encryption Keys
2025-06-04 10:43:26.868: [INFO][SyncEngineBackend::LoadAndConnectNigoriController] Load and connect Nigori controller
2025-06-04 10:43:26.868: [INFO][SyncEngineBackend::DoInitialize] Control Types added: Encryption Keys
2025-06-04 10:43:26.868: [INFO][SyncManagerImpl::ConfigureSyncer] Types to download: Encryption Keys with reason: 3
2025-06-04 10:43:26.869: [INFO][SyncSchedulerImpl::DoConfigurationSyncCycleJob] Configure job was blocked
2025-06-04 10:43:27.199: [INFO][SyncAuthManager::SetLastAuthError] Current auth error: None
2025-06-04 10:43:27.200: [INFO][SyncAuthManager::EdgeLogTokenErrorState] Token error with: None for account type: MSA
2025-06-04 10:43:27.200: [INFO][Sync] Credentials changed for: EdgeSyncScopeNew
2025-06-04 10:43:30.592: [INFO][SyncAuthManager::SetLastAuthError] Current auth error: None
2025-06-04 10:43:30.592: [INFO][SyncAuthManager::EdgeLogTokenErrorState] Token error with: None for account type: MSA
2025-06-04 10:43:30.592: [INFO][Sync] Credentials changed for: EdgeSyncKeyDataScope
2025-06-04 10:43:30.592: [INFO][SyncEngineBackend::DoUpdateKeyDataCredentials] Update key data credentials
2025-06-04 10:43:30.592: [INFO][SyncEngineBackend::DoUpdateCredentials] Update credentials
2025-06-04 10:43:30.593: [INFO][SyncSchedulerImpl::DoConfigurationSyncCycleJob] Blocked types:  and types to download: Encryption Keys
2025-06-04 10:43:31.284: [INFO][Sync] Started DataTypeManager configuration, reason: 4
2025-06-04 10:43:31.285: [INFO][Sync] Configuring for: Bookmarks, Preferences, Passwords, Autofill Profiles, Autofill, Extensions, Sessions, Extension settings, History Delete Directives, Device Info, User Consents, Send Tab To Self, Web Apps, History, Saved Tab Group, Collection, Edge E Drop, Edge Hub App Usage, Edge Tab Group, Edge Wallet, Encryption Keys, reason: 4, current state: 0
2025-06-04 10:43:31.285: [WARN][Sync] Crypto error data types: Passwords, Autofill Profiles, Autofill
2025-06-04 10:43:31.296: [INFO][Sync] Configure, desired: Bookmarks, Preferences, Extensions, Sessions, Extension settings, History Delete Directives, Device Info, User Consents, Send Tab To Self, Web Apps, History, Saved Tab Group, Collection, Edge E Drop, Edge Hub App Usage, Edge Tab Group, Edge Wallet, Encryption Keys; Allow fail: Passwords, Autofill Profiles, Autofill
2025-06-04 10:43:31.298: [INFO][Sync] Loading: Bookmarks
2025-06-04 10:43:31.298: [INFO][Sync] Loading: Preferences
2025-06-04 10:43:31.298: [INFO][Sync] Loading: Extensions
2025-06-04 10:43:31.300: [INFO][Sync] Loading: Sessions
2025-06-04 10:43:31.301: [INFO][Sync] Loading: Extension settings
2025-06-04 10:43:31.301: [INFO][Sync] Loading: History Delete Directives
2025-06-04 10:43:31.302: [INFO][Sync] Loading: Device Info
2025-06-04 10:43:31.302: [INFO][Sync] Loading: User Consents
2025-06-04 10:43:31.302: [INFO][Sync] Loading: Send Tab To Self
2025-06-04 10:43:31.302: [INFO][Sync] Loading: Web Apps
2025-06-04 10:43:31.303: [INFO][Sync] Loading: History
2025-06-04 10:43:31.303: [INFO][Sync] Loading: Saved Tab Group
2025-06-04 10:43:31.303: [INFO][Sync] Loading: Collection
2025-06-04 10:43:31.303: [INFO][Sync] Loading: Edge E Drop
2025-06-04 10:43:31.303: [INFO][Sync] Loading: Edge Hub App Usage
2025-06-04 10:43:31.303: [INFO][Sync] Loading: Edge Tab Group
2025-06-04 10:43:31.303: [INFO][Sync] Loading: Edge Wallet
2025-06-04 10:43:31.340: [INFO][Sync] All data types are ready for configure.
2025-06-04 10:43:31.751: [INFO][SyncEngineBackend::DoStartConfiguration] Start configuration
2025-06-04 10:43:31.752: [INFO][SyncManagerImpl::ConfigureSyncer] Types to download:  with reason: 4
2025-06-04 10:43:31.752: [INFO][SyncEngineBackend::DoFinishConfigureDataTypes] Failed to download types:  and succeeded types: 
2025-06-04 10:43:31.753: [INFO][Sync] Started DataTypeManager configuration, reason: 5
2025-06-04 10:43:31.753: [INFO][Sync] Configuring for: Bookmarks, Preferences, Passwords, Autofill Profiles, Autofill, Extensions, Sessions, Extension settings, History Delete Directives, Device Info, User Consents, Send Tab To Self, Web Apps, History, Saved Tab Group, Collection, Edge E Drop, Edge Hub App Usage, Edge Tab Group, Edge Wallet, Encryption Keys, reason: 5, current state: 1
2025-06-04 10:43:31.759: [INFO][Sync] ConfigurationDone, failed: , succeeded: , remaining count: 4
2025-06-04 10:43:31.759: [WARN][Sync]     Reconfigure requested while configuration ongoing.
2025-06-04 10:43:31.760: [INFO][Sync] Configuring for: Bookmarks, Preferences, Passwords, Autofill Profiles, Autofill, Extensions, Sessions, Extension settings, History Delete Directives, Device Info, User Consents, Send Tab To Self, Web Apps, History, Saved Tab Group, Collection, Edge E Drop, Edge Hub App Usage, Edge Tab Group, Edge Wallet, Encryption Keys, reason: 5, current state: 2
2025-06-04 10:43:31.760: [INFO][Sync] Configure, desired: Bookmarks, Preferences, Passwords, Autofill Profiles, Autofill, Extensions, Sessions, Extension settings, History Delete Directives, Device Info, User Consents, Send Tab To Self, Web Apps, History, Saved Tab Group, Collection, Edge E Drop, Edge Hub App Usage, Edge Tab Group, Edge Wallet, Encryption Keys; Allow fail: 
2025-06-04 10:43:31.760: [INFO][Sync] Loading: Passwords
2025-06-04 10:43:31.760: [INFO][Sync] Loading: Autofill Profiles
2025-06-04 10:43:31.760: [INFO][Sync] Loading: Autofill
2025-06-04 10:43:31.776: [INFO][Sync] All data types are ready for configure.
2025-06-04 10:43:31.776: [INFO][SyncManagerImpl::NudgeForInitialDownload] Initial download nudge for Passwords
2025-06-04 10:43:31.776: [INFO][SyncManagerImpl::ConfigureSyncer] Types to download:  with reason: 5
2025-06-04 10:43:31.776: [INFO][SyncEngineBackend::DoFinishConfigureDataTypes] Failed to download types:  and succeeded types: 
2025-06-04 10:43:31.777: [INFO][Sync] ConfigurationDone, failed: , succeeded: , remaining count: 4
2025-06-04 10:43:31.777: [INFO][Sync] Prepare to configure types: Passwords, Encryption Keys
2025-06-04 10:43:31.778: [INFO][SyncManagerImpl::ConfigureSyncer] Types to download: Passwords, Encryption Keys with reason: 5
2025-06-04 10:43:31.778: [INFO][SyncSchedulerImpl::DoConfigurationSyncCycleJob] Blocked types:  and types to download: Passwords, Encryption Keys
2025-06-04 10:43:32.271: [INFO][SyncEngineBackend::DoFinishConfigureDataTypes] Failed to download types:  and succeeded types: Passwords, Encryption Keys
2025-06-04 10:43:32.277: [INFO][Sync] ConfigurationDone, failed: , succeeded: Passwords, Encryption Keys, remaining count: 3
2025-06-04 10:43:32.277: [INFO][SyncManagerImpl::ConfigureSyncer] Types to download:  with reason: 5
2025-06-04 10:43:32.277: [INFO][SyncEngineBackend::DoFinishConfigureDataTypes] Failed to download types:  and succeeded types: 
2025-06-04 10:43:32.279: [INFO][Sync] ConfigurationDone, failed: , succeeded: , remaining count: 2
2025-06-04 10:43:32.279: [INFO][SyncManagerImpl::ConfigureSyncer] Types to download:  with reason: 5
2025-06-04 10:43:32.279: [INFO][SyncEngineBackend::DoFinishConfigureDataTypes] Failed to download types:  and succeeded types: 
2025-06-04 10:43:32.293: [INFO][Sync] ConfigurationDone, failed: , succeeded: , remaining count: 1
2025-06-04 10:43:32.298: [INFO][SyncManagerImpl::ConfigureSyncer] Types to download:  with reason: 5
2025-06-04 10:43:32.298: [INFO][SyncEngineBackend::DoFinishConfigureDataTypes] Failed to download types:  and succeeded types: 
2025-06-04 10:43:32.298: [INFO][Sync] ConfigurationDone, failed: , succeeded: , remaining count: 0
2025-06-04 10:43:32.307: [INFO][Sync]     Configuration completed, state: 7
2025-06-04 10:43:32.309: [INFO][Sync] Configured DataTypeManager: Ok
2025-06-04 10:43:32.318: [INFO][SyncEngineBackend::DoStartSyncing] Start syncing
